<?xml version="1.0" encoding="UTF-8"?>
<!-- Generated by org.testng.reporters.JUnitReportReporter -->
<testsuite hostname="DESKTOP-TAV9QK2" failures="0" tests="2" name="Firsttesting.Firsttesting.Peps" time="0.017" errors="0" timestamp="2024-12-31T14:26:12 EST" skipped="0">
  <testcase classname="Firsttesting.Firsttesting.Peps" name="myMethod2" time="0.004"/>
  <testcase classname="Firsttesting.Firsttesting.Peps" name="myMethod" time="0.013"/>
</testsuite> <!-- Firsttesting.Firsttesting.Peps -->
